<?xml version="1.0" encoding="UTF-8"?>
<testsuite xmlns:xsi="http://www.w3.org/2001/XMLSchema-instance" xsi:noNamespaceSchemaLocation="https://maven.apache.org/surefire/maven-surefire-plugin/xsd/surefire-test-report-3.0.xsd" version="3.0" name="com.ameda.jib.auth.AuthenticationApplicationTest" time="7.986" tests="1" errors="0" skipped="0" failures="0">
  <properties>
[...]
</properties>
  <testcase name="sampleTest" classname="com.ameda.jib.auth.AuthenticationApplicationTest" time="1.074">
    <system-out><![CDATA[Standard Commons Logging discovery in action with spring-jcl: please remove commons-logging.jar from classpath in order to avoid potential conflicts
04:11:58.642 [main] INFO org.springframework.test.context.support.AnnotationConfigContextLoaderUtils -- Could not detect default configuration classes for test class [com.ameda.jib.auth.AuthenticationApplicationTest]: AuthenticationApplicationTest does not declare any static, non-private, non-final, nested classes annotated with @Configuration.
04:11:59.119 [main] INFO org.springframework.boot.test.context.SpringBootTestContextBootstrapper -- Found @SpringBootConfiguration com.ameda.jib.auth.AuthenticationApplication for test class com.ameda.jib.auth.AuthenticationApplicationTest

  .   ____          _            __ _ _
 /\\ / ___'_ __ _ _(_)_ __  __ _ \ \ \ \
( ( )\___ | '_ | '_| | '_ \/ _` | \ \ \ \
 \\/  ___)| |_)| | | | | || (_| |  ) ) ) )
  '  |____| .__|_| |_|_| |_\__, | / / / /
 =========|_|==============|___/=/_/_/_/
 :: Spring Boot ::                (v3.2.5)

2025-06-18T04:12:00.039+03:00  INFO 54044 --- [auth-service] [           main] c.a.j.a.AuthenticationApplicationTest    : Starting AuthenticationApplicationTest using Java 21.0.7 with PID 54044 (started by ameda in /home/ameda/Downloads/multi-module-jib/authentication)
2025-06-18T04:12:00.041+03:00  INFO 54044 --- [auth-service] [           main] c.a.j.a.AuthenticationApplicationTest    : No active profile set, falling back to 1 default profile: "default"
2025-06-18T04:12:03.539+03:00  INFO 54044 --- [auth-service] [           main] o.s.s.web.DefaultSecurityFilterChain     : Will secure any request with [org.springframework.security.web.session.DisableEncodeUrlFilter@60deefed, org.springframework.security.web.context.request.async.WebAsyncManagerIntegrationFilter@49754e74, org.springframework.security.web.context.SecurityContextHolderFilter@6c07ad6b, org.springframework.security.web.header.HeaderWriterFilter@19ad75e5, org.springframework.web.filter.CorsFilter@31881aa2, org.springframework.security.web.authentication.logout.LogoutFilter@67d8faec, org.springframework.security.oauth2.server.resource.web.authentication.BearerTokenAuthenticationFilter@7ac058a0, org.springframework.security.web.savedrequest.RequestCacheAwareFilter@76e4212, org.springframework.security.web.servletapi.SecurityContextHolderAwareRequestFilter@23121d14, org.springframework.security.web.authentication.AnonymousAuthenticationFilter@1b46392c, org.springframework.security.web.session.SessionManagementFilter@20bb85b4, org.springframework.security.web.access.ExceptionTranslationFilter@4e958f08, org.springframework.security.web.access.intercept.AuthorizationFilter@6b2aafbc]
2025-06-18T04:12:04.868+03:00  INFO 54044 --- [auth-service] [           main] c.a.j.a.AuthenticationApplicationTest    : Started AuthenticationApplicationTest in 5.315 seconds (process running for 8.704)
]]></system-out>
    <system-err><![CDATA[WARNING: A Java agent has been loaded dynamically (/home/ameda/.m2/repository/net/bytebuddy/byte-buddy-agent/1.14.13/byte-buddy-agent-1.14.13.jar)
WARNING: If a serviceability tool is in use, please run with -XX:+EnableDynamicAgentLoading to hide this warning
WARNING: If a serviceability tool is not in use, please run with -Djdk.instrument.traceUsage for more information
WARNING: Dynamic loading of agents will be disallowed by default in a future release
]]></system-err>
  </testcase>
</testsuite>